0
Epochs: 1 | 
                Loss:  0.046772 | 
                Accuracy:  0.001525 |
               
1
Epochs: 2 | 
                Loss:  0.012527 | 
                Accuracy:  0.000026 |
               
2
Epochs: 3 | 
                Loss:  0.009996 | 
                Accuracy:  0.000000 |
               
3
Epochs: 4 | 
                Loss:  0.009704 | 
                Accuracy:  0.000000 |
               
4
Epochs: 5 | 
                Loss:  0.009496 | 
                Accuracy:  0.000000 |
               
5
Epochs: 6 | 
                Loss:  0.009425 | 
                Accuracy:  0.000000 |
               
6
Epochs: 7 | 
                Loss:  0.009392 | 
                Accuracy:  0.000000 |
               
7
Epochs: 8 | 
                Loss:  0.009385 | 
                Accuracy:  0.000000 |
               
8
Epochs: 9 | 
                Loss:  0.009359 | 
                Accuracy:  0.000000 |
               
9
Epochs: 10 | 
                Loss:  0.009368 | 
                Accuracy:  0.000000 |
               
10
Epochs: 11 | 
                Loss:  0.009377 | 
                Accuracy:  0.000000 |
               
11
Epochs: 12 | 
                Loss:  0.009359 | 
                Accuracy:  0.000000 |
               
12
Epochs: 13 | 
                Loss:  0.009355 | 
                Accuracy:  0.000000 |
               
13
Epochs: 14 | 
                Loss:  0.009344 | 
                Accuracy:  0.000000 |
               
14
Epochs: 15 | 
                Loss:  0.009337 | 
                Accuracy:  0.000000 |
               
15
Epochs: 16 | 
                Loss:  0.009339 | 
                Accuracy:  0.000000 |
               
16
Epochs: 17 | 
                Loss:  0.009330 | 
                Accuracy:  0.000000 |
               
17
Epochs: 18 | 
                Loss:  0.009330 | 
                Accuracy:  0.000000 |
               
18
Epochs: 19 | 
                Loss:  0.009327 | 
                Accuracy:  0.000000 |
               
19
Epochs: 20 | 
                Loss:  0.009324 | 
                Accuracy:  0.000000 |
               
