{0: 'B-BANK', 1: 'I-BANK', 2: 'B-PRODUCT', 3: 'I-PRODUCT', 4: 'B-COMMENTS_N', 5: 'I-COMMENTS_N', 6: 'B-COMMENTS_ADJ', 7: 'I-COMMENTS_ADJ', 8: 'O', 9: '[UNK]', 10: '[PAD]'}
1 visa [('v', 'B-PRODUCT'), ('i', 'I-PRODUCT'), ('s', 'I-PRODUCT'), ('a', 'I-PRODUCT')]
17 ID [('I', 'O'), ('D', 'O')]
29 pass [('p', 'B-PRODUCT'), ('a', 'I-PRODUCT'), ('s', 'I-PRODUCT'), ('s', 'I-PRODUCT')]
34 lu [('l', 'O'), ('u', 'O')]
34 xu [('x', 'O'), ('u', 'O')]
34 ry [('r', 'O'), ('y', 'O')]
64 ETC [('E', 'B-PRODUCT'), ('T', 'I-PRODUCT'), ('C', 'I-PRODUCT')]
84 app [('a', 'B-PRODUCT'), ('p', 'I-PRODUCT'), ('p', 'I-PRODUCT')]
92 Giao [('G', 'O'), ('i', 'O'), ('a', 'O'), ('o', 'O')]
136 JOY [('J', 'O'), ('O', 'O'), ('Y', 'O')]
185 giao [('g', 'O'), ('i', 'O'), ('a', 'O'), ('o', 'O')]
185 giao [('g', 'O'), ('i', 'O'), ('a', 'O'), ('o', 'O')]
204 ems [('e', 'O'), ('m', 'O'), ('s', 'O')]
221 bilibili [('b', 'B-PRODUCT'), ('i', 'I-PRODUCT'), ('l', 'I-PRODUCT'), ('i', 'I-PRODUCT'), ('b', 'I-PRODUCT'), ('i', 'I-PRODUCT'), ('l', 'I-PRODUCT'), ('i', 'I-PRODUCT')]
221 Joy [('J', 'O'), ('o', 'O'), ('y', 'O')]
236 young [('y', 'O'), ('o', 'O'), ('u', 'O'), ('n', 'O'), ('g', 'O')]
244 kpi [('k', 'O'), ('p', 'O'), ('i', 'O')]
261 APP [('A', 'O'), ('P', 'O'), ('P', 'O')]
263 APP [('A', 'O'), ('P', 'O'), ('P', 'O')]
354 app [('a', 'B-PRODUCT'), ('p', 'I-PRODUCT'), ('p', 'I-PRODUCT')]
356 app [('a', 'B-PRODUCT'), ('p', 'I-PRODUCT'), ('p', 'I-PRODUCT')]
382 zfb [('z', 'O'), ('f', 'O'), ('b', 'O')]
383 app [('a', 'B-PRODUCT'), ('p', 'I-PRODUCT'), ('p', 'I-PRODUCT')]
384 APP [('A', 'O'), ('P', 'O'), ('P', 'O')]
425 joy [('j', 'B-PRODUCT'), ('o', 'I-PRODUCT'), ('y', 'I-PRODUCT')]
509 app [('a', 'B-PRODUCT'), ('p', 'I-PRODUCT'), ('p', 'I-PRODUCT')]
515 app [('a', 'O'), ('p', 'O'), ('p', 'O')]
535 HLB [('H', 'O'), ('L', 'O'), ('B', 'O')]
549 app [('a', 'B-PRODUCT'), ('p', 'I-PRODUCT'), ('p', 'I-PRODUCT')]
550 app [('a', 'B-PRODUCT'), ('p', 'I-PRODUCT'), ('p', 'I-PRODUCT')]
561 APP [('A', 'O'), ('P', 'O'), ('P', 'O')]
562 APP [('A', 'O'), ('P', 'O'), ('P', 'O')]
586 joy [('j', 'O'), ('o', 'O'), ('y', 'O')]
594 joy [('j', 'B-PRODUCT'), ('o', 'I-PRODUCT'), ('y', 'I-PRODUCT')]
615 app [('a', 'B-PRODUCT'), ('p', 'I-PRODUCT'), ('p', 'I-PRODUCT')]
656 kpi [('k', 'O'), ('p', 'O'), ('i', 'O')]
662 cc [('c', 'O'), ('c', 'O')]
664 APP [('A', 'O'), ('P', 'O'), ('P', 'O')]
666 APP [('A', 'O'), ('P', 'O'), ('P', 'O')]
672 lx [('l', 'O'), ('x', 'O')]
689 App [('A', 'O'), ('p', 'O'), ('p', 'O')]
695 APP [('A', 'O'), ('P', 'O'), ('P', 'O')]
697 APP [('A', 'O'), ('P', 'O'), ('P', 'O')]
700 app [('a', 'O'), ('p', 'O'), ('p', 'O')]
702 app [('a', 'B-PRODUCT'), ('p', 'I-PRODUCT'), ('p', 'I-PRODUCT')]
705 APP [('A', 'O'), ('P', 'O'), ('P', 'O')]
721 app [('a', 'O'), ('p', 'O'), ('p', 'O')]
744 XSZ [('X', 'O'), ('S', 'O'), ('Z', 'O')]
775 giao [('g', 'O'), ('i', 'O'), ('a', 'O'), ('o', 'O')]
833 ATM [('A', 'O'), ('T', 'O'), ('M', 'O')]
855 nb [('n', 'I-COMMENTS_ADJ'), ('b', 'I-COMMENTS_ADJ')]
889 xyk [('x', 'O'), ('y', 'O'), ('k', 'O')]
909 pay [('p', 'I-PRODUCT'), ('a', 'I-PRODUCT'), ('y', 'I-PRODUCT')]
911 only [('o', 'O'), ('n', 'O'), ('l', 'O'), ('y', 'O')]
936 down [('d', 'B-PRODUCT'), ('o', 'I-PRODUCT'), ('w', 'I-PRODUCT'), ('n', 'I-PRODUCT')]
970 App [('A', 'O'), ('p', 'O'), ('p', 'O')]
971 APP [('A', 'O'), ('P', 'O'), ('P', 'O')]
980 lz [('l', 'O'), ('z', 'O')]
990 APP [('A', 'O'), ('P', 'O'), ('P', 'O')]
1000 etc [('e', 'O'), ('t', 'O'), ('c', 'O')]
1001 etc [('e', 'O'), ('t', 'O'), ('c', 'O')]
1001 etc [('e', 'O'), ('t', 'O'), ('c', 'O')]
1037 Cut [('C', 'O'), ('u', 'O'), ('t', 'O')]
1055 pass [('p', 'O'), ('a', 'O'), ('s', 'O'), ('s', 'O')]
1060 app [('a', 'B-PRODUCT'), ('p', 'I-PRODUCT'), ('p', 'I-PRODUCT')]
1066 app [('a', 'B-PRODUCT'), ('p', 'I-PRODUCT'), ('p', 'I-PRODUCT')]
1117 AE [('A', 'O'), ('E', 'O')]
1118 DIY [('D', 'B-PRODUCT'), ('I', 'I-PRODUCT'), ('Y', 'I-PRODUCT')]
1118 SMART [('S', 'B-PRODUCT'), ('M', 'I-PRODUCT'), ('A', 'I-PRODUCT'), ('R', 'I-PRODUCT'), ('T', 'I-PRODUCT')]
1123 AUM [('A', 'O'), ('U', 'O'), ('M', 'O')]
1152 pay [('p', 'O'), ('a', 'O'), ('y', 'O')]
1180 app [('a', 'B-PRODUCT'), ('p', 'I-PRODUCT'), ('p', 'I-PRODUCT')]
1208 xinyongka [('x', 'O'), ('i', 'O'), ('n', 'O'), ('y', 'O'), ('o', 'O'), ('n', 'O'), ('g', 'O'), ('k', 'O'), ('a', 'O')]
1224 app [('a', 'B-PRODUCT'), ('p', 'I-PRODUCT'), ('p', 'I-PRODUCT')]
1224 bilibili [('b', 'O'), ('i', 'O'), ('l', 'O'), ('i', 'O'), ('b', 'O'), ('i', 'O'), ('l', 'O'), ('i', 'O')]
1243 app [('a', 'B-PRODUCT'), ('p', 'I-PRODUCT'), ('p', 'I-PRODUCT')]
1250 app [('a', 'B-PRODUCT'), ('p', 'I-PRODUCT'), ('p', 'I-PRODUCT')]
1262 mark [('m', 'O'), ('a', 'O'), ('r', 'O'), ('k', 'O')]
1277 APP [('A', 'O'), ('P', 'O'), ('P', 'O')]
1280 xxxx [('x', 'O'), ('x', 'O'), ('x', 'O'), ('x', 'O')]
1317 vvv [('v', 'O'), ('v', 'O'), ('v', 'O')]
1435 young [('y', 'B-PRODUCT'), ('o', 'I-PRODUCT'), ('u', 'I-PRODUCT'), ('n', 'I-PRODUCT'), ('g', 'I-PRODUCT')]
1436 young [('y', 'B-PRODUCT'), ('o', 'I-PRODUCT'), ('u', 'I-PRODUCT'), ('n', 'I-PRODUCT'), ('g', 'I-PRODUCT')]
1450 young [('y', 'B-PRODUCT'), ('o', 'I-PRODUCT'), ('u', 'I-PRODUCT'), ('n', 'I-PRODUCT'), ('g', 'I-PRODUCT')]
1484 lol [('l', 'O'), ('o', 'O'), ('l', 'O')]
1514 lz [('l', 'O'), ('z', 'O')]
1520 QB [('Q', 'O'), ('B', 'O')]
1544 word [('w', 'O'), ('o', 'O'), ('r', 'O'), ('d', 'O')]
1560 app [('a', 'B-PRODUCT'), ('p', 'I-PRODUCT'), ('p', 'I-PRODUCT')]
1565 lol [('l', 'O'), ('o', 'O'), ('l', 'O')]
1579 ae [('a', 'B-PRODUCT'), ('e', 'I-PRODUCT')]
1582 ae [('a', 'O'), ('e', 'O')]
1584 AE [('A', 'O'), ('E', 'O')]
1588 lol [('l', 'O'), ('o', 'O'), ('l', 'O')]
1613 young [('y', 'B-PRODUCT'), ('o', 'I-PRODUCT'), ('u', 'I-PRODUCT'), ('n', 'I-PRODUCT'), ('g', 'I-PRODUCT')]
1687 mcc [('m', 'O'), ('c', 'O'), ('c', 'O')]
1689 mcc [('m', 'O'), ('c', 'O'), ('c', 'O')]
1689 mcc [('m', 'O'), ('c', 'O'), ('c', 'O')]
1720 young [('y', 'B-PRODUCT'), ('o', 'I-PRODUCT'), ('u', 'I-PRODUCT'), ('n', 'I-PRODUCT'), ('g', 'I-PRODUCT')]
1730 vx [('v', 'O'), ('x', 'O')]
1730 zfb [('z', 'O'), ('f', 'O'), ('b', 'O')]
1764 ae [('a', 'B-PRODUCT'), ('e', 'I-PRODUCT')]
1779 ae [('a', 'O'), ('e', 'O')]
1780 CL [('C', 'O'), ('L', 'O')]
1790 ErrorCode [('E', 'O'), ('r', 'O'), ('r', 'O'), ('o', 'O'), ('r', 'O'), ('C', 'O'), ('o', 'O'), ('d', 'O'), ('e', 'O')]
1790 CL [('C', 'O'), ('L', 'O')]
1837 app [('a', 'B-PRODUCT'), ('p', 'I-PRODUCT'), ('p', 'I-PRODUCT')]
1846 icbc [('i', 'O'), ('c', 'O'), ('b', 'O'), ('c', 'O')]
1851 APP [('A', 'O'), ('P', 'O'), ('P', 'O')]
1915 app [('a', 'B-PRODUCT'), ('p', 'I-PRODUCT'), ('p', 'I-PRODUCT')]
1916 App [('A', 'O'), ('p', 'O'), ('p', 'O')]
1917 app [('a', 'B-PRODUCT'), ('p', 'I-PRODUCT'), ('p', 'I-PRODUCT')]
1931 II [('I', 'O'), ('I', 'O')]
2050 Tx [('T', 'O'), ('x', 'O')]
2067 Li [('L', 'O'), ('i', 'O')]
2133 app [('a', 'B-PRODUCT'), ('p', 'I-PRODUCT'), ('p', 'I-PRODUCT')]
2268 xx [('x', 'O'), ('x', 'O')]
2268 xx [('x', 'O'), ('x', 'O')]
2269 xx [('x', 'O'), ('x', 'O')]
2269 xx [('x', 'O'), ('x', 'O')]
2272 app [('a', 'B-PRODUCT'), ('p', 'I-PRODUCT'), ('p', 'I-PRODUCT')]
2272 app [('a', 'B-PRODUCT'), ('p', 'I-PRODUCT'), ('p', 'I-PRODUCT')]
2309 lol [('l', 'O'), ('o', 'O'), ('l', 'O')]
2324 bb [('b', 'O'), ('b', 'O')]
2337 ps [('p', 'O'), ('s', 'O')]
2377 visa [('v', 'B-PRODUCT'), ('i', 'I-PRODUCT'), ('s', 'I-PRODUCT'), ('a', 'I-PRODUCT')]
2441 tx [('t', 'O'), ('x', 'O')]
2474 YOUNG [('Y', 'O'), ('O', 'O'), ('U', 'O'), ('N', 'O'), ('G', 'O')]
2474 GQ [('G', 'O'), ('Q', 'O')]
2505 Daikokuya [('D', 'O'), ('a', 'O'), ('i', 'O'), ('k', 'O'), ('o', 'O'), ('k', 'O'), ('u', 'O'), ('y', 'O'), ('a', 'O')]
2528 Pu [('P', 'I-PRODUCT'), ('u', 'I-PRODUCT')]
2529 young [('y', 'O'), ('o', 'O'), ('u', 'O'), ('n', 'O'), ('g', 'O')]
2563 APP [('A', 'O'), ('P', 'O'), ('P', 'O')]
2588 pos [('p', 'O'), ('o', 'O'), ('s', 'O')]
2591 APP [('A', 'O'), ('P', 'O'), ('P', 'O')]
2591 MCC [('M', 'O'), ('C', 'O'), ('C', 'O')]
2593 mcc [('m', 'O'), ('c', 'O'), ('c', 'O')]
2599 APP [('A', 'O'), ('P', 'O'), ('P', 'O')]
2601 mcc [('m', 'O'), ('c', 'O'), ('c', 'O')]
2601 mcc [('m', 'O'), ('c', 'O'), ('c', 'O')]
2602 NFC [('N', 'O'), ('F', 'O'), ('C', 'O')]
2602 NFC [('N', 'O'), ('F', 'O'), ('C', 'O')]
2603 NFC [('N', 'O'), ('F', 'O'), ('C', 'O')]
2609 tb [('t', 'O'), ('b', 'O')]
2619 app [('a', 'B-PRODUCT'), ('p', 'I-PRODUCT'), ('p', 'I-PRODUCT')]
2620 app [('a', 'B-PRODUCT'), ('p', 'I-PRODUCT'), ('p', 'I-PRODUCT')]
2633 TM [('T', 'O'), ('M', 'O')]
2684 visa [('v', 'B-PRODUCT'), ('i', 'I-PRODUCT'), ('s', 'I-PRODUCT'), ('a', 'I-PRODUCT')]
2724 app [('a', 'B-PRODUCT'), ('p', 'I-PRODUCT'), ('p', 'I-PRODUCT')]
2725 App [('A', 'O'), ('p', 'O'), ('p', 'O')]
2760 pay [('p', 'O'), ('a', 'O'), ('y', 'O')]
2762 pay [('p', 'O'), ('a', 'O'), ('y', 'O')]
2767 visa [('v', 'B-PRODUCT'), ('i', 'I-PRODUCT'), ('s', 'I-PRODUCT'), ('a', 'I-PRODUCT')]
2783 app [('a', 'B-PRODUCT'), ('p', 'I-PRODUCT'), ('p', 'I-PRODUCT')]
2785 POS [('P', 'O'), ('O', 'O'), ('S', 'O')]
2816 APP [('A', 'O'), ('P', 'O'), ('P', 'O')]
2824 etc [('e', 'O'), ('t', 'O'), ('c', 'O')]
2826 APP [('A', 'O'), ('P', 'O'), ('P', 'O')]
2828 etc [('e', 'O'), ('t', 'O'), ('c', 'O')]
2828 unbound [('u', 'O'), ('n', 'O'), ('b', 'O'), ('o', 'O'), ('u', 'O'), ('n', 'O'), ('d', 'O')]
2931 II [('I', 'O'), ('I', 'O')]
2959 visa [('v', 'B-PRODUCT'), ('i', 'I-PRODUCT'), ('s', 'I-PRODUCT'), ('a', 'I-PRODUCT')]
2959 visa [('v', 'B-PRODUCT'), ('i', 'I-PRODUCT'), ('s', 'I-PRODUCT'), ('a', 'I-PRODUCT')]
2960 visa [('v', 'B-PRODUCT'), ('i', 'I-PRODUCT'), ('s', 'I-PRODUCT'), ('a', 'I-PRODUCT')]
2980 clear [('c', 'O'), ('l', 'O'), ('e', 'O'), ('a', 'O'), ('r', 'O')]
2981 clear [('c', 'O'), ('l', 'O'), ('e', 'O'), ('a', 'O'), ('r', 'O')]
2982 clear [('c', 'O'), ('l', 'O'), ('e', 'O'), ('a', 'O'), ('r', 'O')]
2983 Chao [('C', 'O'), ('h', 'O'), ('a', 'O'), ('o', 'O')]
3013 app [('a', 'B-PRODUCT'), ('p', 'I-PRODUCT'), ('p', 'I-PRODUCT')]
3034 mini [('m', 'O'), ('i', 'O'), ('n', 'O'), ('i', 'O')]
3038 ed [('e', 'O'), ('d', 'O')]
3064 APP [('A', 'O'), ('P', 'O'), ('P', 'O')]
3149 APP [('A', 'O'), ('P', 'O'), ('P', 'O')]
3168 xyk [('x', 'O'), ('y', 'O'), ('k', 'O')]
3179 app [('a', 'B-PRODUCT'), ('p', 'I-PRODUCT'), ('p', 'I-PRODUCT')]
3180 clear [('c', 'O'), ('l', 'O'), ('e', 'O'), ('a', 'O'), ('r', 'O')]
3180 pos [('p', 'O'), ('o', 'O'), ('s', 'O')]
3241 wd [('w', 'O'), ('d', 'O')]
3241 wd [('w', 'O'), ('d', 'O')]
3241 wd [('w', 'O'), ('d', 'O')]
3276 sos [('s', 'O'), ('o', 'O'), ('s', 'O')]
3281 APP [('A', 'O'), ('P', 'O'), ('P', 'O')]
3286 APP [('A', 'O'), ('P', 'O'), ('P', 'O')]
3301 APP [('A', 'O'), ('P', 'O'), ('P', 'O')]
3302 mini [('m', 'B-PRODUCT'), ('i', 'I-PRODUCT'), ('n', 'I-PRODUCT'), ('i', 'I-PRODUCT')]
3302 mini [('m', 'B-PRODUCT'), ('i', 'I-PRODUCT'), ('n', 'I-PRODUCT'), ('i', 'I-PRODUCT')]
3307 JCB [('J', 'O'), ('C', 'O'), ('B', 'O')]
3308 MINI [('M', 'O'), ('I', 'O'), ('N', 'O'), ('I', 'O')]
3308 mini [('m', 'O'), ('i', 'O'), ('n', 'O'), ('i', 'O')]
3346 PS [('P', 'O'), ('S', 'O')]
3346 PS [('P', 'O'), ('S', 'O')]
3347 PS [('P', 'O'), ('S', 'O')]
3365 App [('A', 'O'), ('p', 'O'), ('p', 'O')]
3394 otg [('o', 'O'), ('t', 'O'), ('g', 'O')]
3434 app [('a', 'B-PRODUCT'), ('p', 'I-PRODUCT'), ('p', 'I-PRODUCT')]
3512 app [('a', 'B-PRODUCT'), ('p', 'I-PRODUCT'), ('p', 'I-PRODUCT')]
3516 ok [('o', 'O'), ('k', 'O')]
3516 ok [('o', 'O'), ('k', 'O')]
3517 app [('a', 'B-PRODUCT'), ('p', 'I-PRODUCT'), ('p', 'I-PRODUCT')]
3553 app [('a', 'B-PRODUCT'), ('p', 'I-PRODUCT'), ('p', 'I-PRODUCT')]
3570 jcb [('j', 'O'), ('c', 'O'), ('b', 'O')]
3577 visa [('v', 'B-PRODUCT'), ('i', 'I-PRODUCT'), ('s', 'I-PRODUCT'), ('a', 'I-PRODUCT')]
3621 app [('a', 'B-PRODUCT'), ('p', 'I-PRODUCT'), ('p', 'I-PRODUCT')]
3621 kf [('k', 'O'), ('f', 'O')]
3627 app [('a', 'B-PRODUCT'), ('p', 'I-PRODUCT'), ('p', 'I-PRODUCT')]
3632 app [('a', 'B-PRODUCT'), ('p', 'I-PRODUCT'), ('p', 'I-PRODUCT')]
3637 APP [('A', 'O'), ('P', 'O'), ('P', 'O')]
3640 WD [('W', 'O'), ('D', 'O')]
3644 app [('a', 'B-PRODUCT'), ('p', 'I-PRODUCT'), ('p', 'I-PRODUCT')]
3649 App [('A', 'O'), ('p', 'O'), ('p', 'O')]
3650 app [('a', 'B-PRODUCT'), ('p', 'I-PRODUCT'), ('p', 'I-PRODUCT')]
3675 app [('a', 'B-PRODUCT'), ('p', 'I-PRODUCT'), ('p', 'I-PRODUCT')]
3701 app [('a', 'B-PRODUCT'), ('p', 'I-PRODUCT'), ('p', 'I-PRODUCT')]
3701 APP [('A', 'O'), ('P', 'O'), ('P', 'O')]
3705 app [('a', 'B-PRODUCT'), ('p', 'I-PRODUCT'), ('p', 'I-PRODUCT')]
3718 APP [('A', 'O'), ('P', 'O'), ('P', 'O')]
3721 CIP [('C', 'O'), ('I', 'O'), ('P', 'O')]
3732 APP [('A', 'O'), ('P', 'O'), ('P', 'O')]
3736 app [('a', 'B-PRODUCT'), ('p', 'I-PRODUCT'), ('p', 'I-PRODUCT')]
3739 Ukey [('U', 'O'), ('k', 'O'), ('e', 'O'), ('y', 'O')]
3772 app [('a', 'B-PRODUCT'), ('p', 'I-PRODUCT'), ('p', 'I-PRODUCT')]
3785 visa [('v', 'B-PRODUCT'), ('i', 'I-PRODUCT'), ('s', 'I-PRODUCT'), ('a', 'I-PRODUCT')]
3798 app [('a', 'B-PRODUCT'), ('p', 'I-PRODUCT'), ('p', 'I-PRODUCT')]
3798 app [('a', 'B-PRODUCT'), ('p', 'I-PRODUCT'), ('p', 'I-PRODUCT')]
3819 app [('a', 'B-PRODUCT'), ('p', 'I-PRODUCT'), ('p', 'I-PRODUCT')]
3819 APP [('A', 'O'), ('P', 'O'), ('P', 'O')]
3839 atm [('a', 'O'), ('t', 'O'), ('m', 'O')]
3917 APP [('A', 'O'), ('P', 'O'), ('P', 'O')]
3923 etc [('e', 'O'), ('t', 'O'), ('c', 'O')]
3940 app [('a', 'B-PRODUCT'), ('p', 'I-PRODUCT'), ('p', 'I-PRODUCT')]
3968 app [('a', 'B-PRODUCT'), ('p', 'I-PRODUCT'), ('p', 'I-PRODUCT')]
3987 OK [('O', 'O'), ('K', 'O')]
4004 esh [('e', 'O'), ('s', 'O'), ('h', 'O')]
4004 APP [('A', 'O'), ('P', 'O'), ('P', 'O')]
4008 app [('a', 'B-PRODUCT'), ('p', 'I-PRODUCT'), ('p', 'I-PRODUCT')]
4113 App [('A', 'O'), ('p', 'O'), ('p', 'O')]
4115 APP [('A', 'O'), ('P', 'O'), ('P', 'O')]
4117 App [('A', 'O'), ('p', 'O'), ('p', 'O')]
4122 APP [('A', 'O'), ('P', 'O'), ('P', 'O')]
4162 Mc [('M', 'B-PRODUCT'), ('c', 'I-PRODUCT')]
4165 emv [('e', 'I-PRODUCT'), ('m', 'I-PRODUCT'), ('v', 'I-PRODUCT')]
4170 APP [('A', 'O'), ('P', 'O'), ('P', 'O')]
4171 APP [('A', 'O'), ('P', 'O'), ('P', 'O')]
4188 lol [('l', 'O'), ('o', 'O'), ('l', 'O')]
4233 visa [('v', 'B-PRODUCT'), ('i', 'I-PRODUCT'), ('s', 'I-PRODUCT'), ('a', 'I-PRODUCT')]
4240 Aaa [('A', 'O'), ('a', 'O'), ('a', 'O')]
4251 APP [('A', 'O'), ('P', 'O'), ('P', 'O')]
4254 binding [('b', 'O'), ('i', 'O'), ('n', 'O'), ('d', 'O'), ('i', 'O'), ('n', 'O'), ('g', 'O')]
4325 EMV [('E', 'B-PRODUCT'), ('M', 'I-PRODUCT'), ('V', 'I-PRODUCT')]
4346 II [('I', 'B-PRODUCT'), ('I', 'I-PRODUCT')]
4349 ga [('g', 'O'), ('a', 'O')]
4377 app [('a', 'B-PRODUCT'), ('p', 'I-PRODUCT'), ('p', 'I-PRODUCT')]
4384 hug [('h', 'O'), ('u', 'O'), ('g', 'O')]
4396 sim [('s', 'B-PRODUCT'), ('i', 'I-PRODUCT'), ('m', 'I-PRODUCT')]
4397 sim [('s', 'O'), ('i', 'O'), ('m', 'O')]
4401 NND [('N', 'O'), ('N', 'O'), ('D', 'O')]
4445 ABC [('A', 'O'), ('B', 'O'), ('C', 'O')]
4476 app [('a', 'B-PRODUCT'), ('p', 'I-PRODUCT'), ('p', 'I-PRODUCT')]
4480 app [('a', 'B-PRODUCT'), ('p', 'I-PRODUCT'), ('p', 'I-PRODUCT')]
4586 ok [('o', 'O'), ('k', 'O')]
4615 app [('a', 'B-PRODUCT'), ('p', 'I-PRODUCT'), ('p', 'I-PRODUCT')]
4620 First [('F', 'B-PRODUCT'), ('i', 'I-PRODUCT'), ('r', 'I-PRODUCT'), ('s', 'I-PRODUCT'), ('t', 'I-PRODUCT')]
4655 qq [('q', 'O'), ('q', 'O')]
4785 QB [('Q', 'O'), ('B', 'O')]
4794 Bi [('B', 'O'), ('i', 'O')]
4796 app [('a', 'B-PRODUCT'), ('p', 'I-PRODUCT'), ('p', 'I-PRODUCT')]
4891 lol [('l', 'O'), ('o', 'O'), ('l', 'O')]
4894 nice [('n', 'O'), ('i', 'O'), ('c', 'O'), ('e', 'O')]
4924 gzh [('g', 'O'), ('z', 'O'), ('h', 'O')]
4972 app [('a', 'B-PRODUCT'), ('p', 'I-PRODUCT'), ('p', 'I-PRODUCT')]
4981 app [('a', 'B-PRODUCT'), ('p', 'I-PRODUCT'), ('p', 'I-PRODUCT')]
4993 Find [('F', 'O'), ('i', 'O'), ('n', 'O'), ('d', 'O')]
5055 SISI [('S', 'O'), ('I', 'O'), ('S', 'O'), ('I', 'O')]
5068 App [('A', 'O'), ('p', 'O'), ('p', 'O')]
5140 app [('a', 'B-PRODUCT'), ('p', 'I-PRODUCT'), ('p', 'I-PRODUCT')]
5152 safari [('s', 'B-PRODUCT'), ('a', 'I-PRODUCT'), ('f', 'I-PRODUCT'), ('a', 'I-PRODUCT'), ('r', 'I-PRODUCT'), ('i', 'I-PRODUCT')]
5160 app [('a', 'B-PRODUCT'), ('p', 'I-PRODUCT'), ('p', 'I-PRODUCT')]
5275 tx [('t', 'O'), ('x', 'O')]
5343 APP [('A', 'O'), ('P', 'O'), ('P', 'O')]
5362 APP [('A', 'O'), ('P', 'O'), ('P', 'O')]
5405 TX [('T', 'O'), ('X', 'O')]
5441 TMD [('T', 'B-COMMENTS_ADJ'), ('M', 'I-COMMENTS_ADJ'), ('D', 'I-COMMENTS_ADJ')]
5455 app [('a', 'B-PRODUCT'), ('p', 'I-PRODUCT'), ('p', 'I-PRODUCT')]
5466 app [('a', 'B-PRODUCT'), ('p', 'I-PRODUCT'), ('p', 'I-PRODUCT')]
5476 applepay [('a', 'B-PRODUCT'), ('p', 'I-PRODUCT'), ('p', 'I-PRODUCT'), ('l', 'O'), ('e', 'O'), ('p', 'O'), ('a', 'O'), ('y', 'O')]
5478 applepay [('a', 'B-PRODUCT'), ('p', 'I-PRODUCT'), ('p', 'I-PRODUCT'), ('l', 'I-PRODUCT'), ('e', 'I-PRODUCT'), ('p', 'I-PRODUCT'), ('a', 'I-PRODUCT'), ('y', 'I-PRODUCT')]
5534 sdk [('s', 'O'), ('d', 'O'), ('k', 'O')]
5534 app [('a', 'B-PRODUCT'), ('p', 'I-PRODUCT'), ('p', 'I-PRODUCT')]
5619 Putidu [('P', 'O'), ('u', 'O'), ('t', 'O'), ('i', 'O'), ('d', 'O'), ('u', 'O')]
5622 batch [('b', 'B-PRODUCT'), ('a', 'I-PRODUCT'), ('t', 'I-PRODUCT'), ('c', 'I-PRODUCT'), ('h', 'I-PRODUCT')]
5680 plus [('p', 'O'), ('l', 'O'), ('u', 'O'), ('s', 'O')]
5702 CS [('C', 'O'), ('S', 'O')]
5840 EMS [('E', 'O'), ('M', 'O'), ('S', 'O')]
5844 EMS [('E', 'O'), ('M', 'O'), ('S', 'O')]
5870 app [('a', 'B-PRODUCT'), ('p', 'I-PRODUCT'), ('p', 'I-PRODUCT')]
5889 app [('a', 'B-PRODUCT'), ('p', 'I-PRODUCT'), ('p', 'I-PRODUCT')]
5916 app [('a', 'O'), ('p', 'O'), ('p', 'O')]
5919 first [('f', 'B-PRODUCT'), ('i', 'I-PRODUCT'), ('r', 'I-PRODUCT'), ('s', 'I-PRODUCT'), ('t', 'I-PRODUCT')]
5926 Young [('Y', 'B-PRODUCT'), ('o', 'I-PRODUCT'), ('u', 'I-PRODUCT'), ('n', 'I-PRODUCT'), ('g', 'I-PRODUCT')]
5932 app [('a', 'I-PRODUCT'), ('p', 'I-PRODUCT'), ('p', 'I-PRODUCT')]
5954 young [('y', 'B-PRODUCT'), ('o', 'I-PRODUCT'), ('u', 'I-PRODUCT'), ('n', 'I-PRODUCT'), ('g', 'I-PRODUCT')]
5961 app [('a', 'I-PRODUCT'), ('p', 'I-PRODUCT'), ('p', 'I-PRODUCT')]
5961 app [('a', 'I-PRODUCT'), ('p', 'I-PRODUCT'), ('p', 'I-PRODUCT')]
5965 app [('a', 'O'), ('p', 'O'), ('p', 'O')]
5990 APP [('A', 'O'), ('P', 'O'), ('P', 'O')]
5997 Clear [('C', 'B-PRODUCT'), ('l', 'I-PRODUCT'), ('e', 'I-PRODUCT'), ('a', 'I-PRODUCT'), ('r', 'I-PRODUCT')]
5999 OK [('O', 'O'), ('K', 'O')]
6016 JOY [('J', 'B-PRODUCT'), ('O', 'I-PRODUCT'), ('Y', 'I-PRODUCT')]
6017 YE [('Y', 'B-PRODUCT'), ('E', 'I-PRODUCT')]
6020 JCB [('J', 'B-PRODUCT'), ('C', 'I-PRODUCT'), ('B', 'I-PRODUCT')]
6022 TOP [('T', 'O'), ('O', 'O'), ('P', 'O')]
6062 AD [('A', 'O'), ('D', 'O')]
6064 omg [('o', 'O'), ('m', 'O'), ('g', 'O')]
6065 app [('a', 'B-PRODUCT'), ('p', 'I-PRODUCT'), ('p', 'I-PRODUCT')]
6074 PP [('P', 'O'), ('P', 'O')]
6079 APP [('A', 'O'), ('P', 'O'), ('P', 'O')]
6083 line friends [('l', 'B-PRODUCT'), ('i', 'I-PRODUCT'), ('n', 'I-PRODUCT'), ('e', 'I-PRODUCT'), (' ', 'I-PRODUCT'), ('f', 'I-PRODUCT'), ('r', 'I-PRODUCT'), ('i', 'I-PRODUCT'), ('e', 'I-PRODUCT'), ('n', 'I-PRODUCT'), ('d', 'I-PRODUCT'), ('s', 'I-PRODUCT')]
6091 app [('a', 'B-PRODUCT'), ('p', 'I-PRODUCT'), ('p', 'I-PRODUCT')]
6120 etc [('e', 'B-PRODUCT'), ('t', 'I-PRODUCT'), ('c', 'I-PRODUCT')]
6137 JOY [('J', 'I-PRODUCT'), ('O', 'I-PRODUCT'), ('Y', 'I-PRODUCT')]
6142 vip [('v', 'O'), ('i', 'O'), ('p', 'O')]
6147 etc [('e', 'B-PRODUCT'), ('t', 'I-PRODUCT'), ('c', 'I-PRODUCT')]
6237 blabla [('b', 'O'), ('l', 'O'), ('a', 'O'), ('b', 'O'), ('l', 'O'), ('a', 'O')]
6253 RMB [('R', 'O'), ('M', 'O'), ('B', 'O')]
6283 word [('w', 'O'), ('o', 'O'), ('r', 'O'), ('d', 'O')]
6286 app [('a', 'B-PRODUCT'), ('p', 'I-PRODUCT'), ('p', 'I-PRODUCT')]
6306 app [('a', 'B-PRODUCT'), ('p', 'I-PRODUCT'), ('p', 'I-PRODUCT')]
6350 credit [('c', 'O'), ('r', 'O'), ('e', 'O'), ('d', 'O'), ('i', 'O'), ('t', 'O')]
6362 flash [('f', 'O'), ('l', 'O'), ('a', 'O'), ('s', 'O'), ('h', 'O')]
6364 app [('a', 'B-PRODUCT'), ('p', 'I-PRODUCT'), ('p', 'I-PRODUCT')]
6372 APP [('A', 'I-PRODUCT'), ('P', 'I-PRODUCT'), ('P', 'I-PRODUCT')]
6468 visa [('v', 'I-PRODUCT'), ('i', 'I-PRODUCT'), ('s', 'I-PRODUCT'), ('a', 'I-PRODUCT')]
6556 APP [('A', 'I-PRODUCT'), ('P', 'I-PRODUCT'), ('P', 'I-PRODUCT')]
6572 smart [('s', 'O'), ('m', 'O'), ('a', 'O'), ('r', 'O'), ('t', 'O')]
6605 EMS [('E', 'O'), ('M', 'O'), ('S', 'O')]
6618 BNBTC [('B', 'B-PRODUCT'), ('N', 'I-PRODUCT'), ('B', 'I-PRODUCT'), ('T', 'I-PRODUCT'), ('C', 'I-PRODUCT')]
6620 app [('a', 'B-PRODUCT'), ('p', 'I-PRODUCT'), ('p', 'I-PRODUCT')]
6629 vtm [('v', 'O'), ('t', 'O'), ('m', 'O')]
6642 ji [('j', 'O'), ('i', 'O')]
6647 DIY [('D', 'B-PRODUCT'), ('I', 'I-PRODUCT'), ('Y', 'I-PRODUCT')]
6654 AE [('A', 'O'), ('E', 'O')]
6661 niubility [('n', 'B-PRODUCT'), ('i', 'I-PRODUCT'), ('u', 'I-PRODUCT'), ('b', 'I-PRODUCT'), ('i', 'I-PRODUCT'), ('l', 'I-PRODUCT'), ('i', 'I-PRODUCT'), ('t', 'I-PRODUCT'), ('y', 'I-PRODUCT')]
6681 app [('a', 'O'), ('p', 'O'), ('p', 'O')]
6681 MCC [('M', 'O'), ('C', 'O'), ('C', 'O')]
6681 applepay [('a', 'B-PRODUCT'), ('p', 'I-PRODUCT'), ('p', 'I-PRODUCT'), ('l', 'I-PRODUCT'), ('e', 'I-PRODUCT'), ('p', 'I-PRODUCT'), ('a', 'I-PRODUCT'), ('y', 'I-PRODUCT')]
6701 vxzfb [('v', 'O'), ('x', 'O'), ('z', 'O'), ('f', 'O'), ('b', 'O')]
6790 APP [('A', 'B-PRODUCT'), ('P', 'I-PRODUCT'), ('P', 'I-PRODUCT')]
6794 pos [('p', 'O'), ('o', 'O'), ('s', 'O')]
6896 pad [('p', 'O'), ('a', 'O'), ('d', 'O')]
6941 Shaun [('S', 'O'), ('h', 'O'), ('a', 'O'), ('u', 'O'), ('n', 'O')]
7138 EMS [('E', 'B-PRODUCT'), ('M', 'I-PRODUCT'), ('S', 'I-PRODUCT')]
7197 app [('a', 'B-PRODUCT'), ('p', 'I-PRODUCT'), ('p', 'I-PRODUCT')]
7254 POS [('P', 'O'), ('O', 'O'), ('S', 'O')]
7265 app [('a', 'B-PRODUCT'), ('p', 'I-PRODUCT'), ('p', 'I-PRODUCT')]
7289 app [('a', 'I-PRODUCT'), ('p', 'I-PRODUCT'), ('p', 'I-PRODUCT')]
7337 ae [('a', 'B-PRODUCT'), ('e', 'I-PRODUCT')]
7358 cxk [('c', 'B-PRODUCT'), ('x', 'I-PRODUCT'), ('k', 'I-PRODUCT')]
7365 UBS [('U', 'O'), ('B', 'O'), ('S', 'O')]
7385 Ae [('A', 'O'), ('e', 'O')]
7393 Ngpe [('N', 'O'), ('g', 'O'), ('p', 'O'), ('e', 'O')]
7425 gt [('g', 'O'), ('t', 'O')]
7434 vx [('v', 'O'), ('x', 'O')]
7437 JAL [('J', 'O'), ('A', 'O'), ('L', 'O')]
7437 MU [('M', 'O'), ('U', 'O')]
7446 RMB [('R', 'O'), ('M', 'O'), ('B', 'O')]
7513 JD [('J', 'O'), ('D', 'O')]
